<?xml version="1.0" encoding="UTF-8"?>
<testsuites name="jest tests" tests="1" failures="0" errors="0" time="2.869">
  <testsuite name="jupyterlab-gallery" errors="0" failures="0" skipped="0" timestamp="2024-07-01T09:26:36" time="2.319" tests="1">
    <testcase classname="jupyterlab-gallery should be tested" name="jupyterlab-gallery should be tested" time="0.003">
    </testcase>
  </testsuite>
</testsuites>